2025-06-06 12:02:39 DEBUG TestNG:82 - suiteXmlPath: "D:\Automation Testing\eclipse workspace\POMSeries\src\test\resources\testrunners\testng_regression.xml"
2025-06-06 12:02:40 DEBUG ChainPluginService:122 - Found configuration entry chaintest.generator.email.enabled, will use chaintest.generator.email.class-name to resolve class
2025-06-06 12:02:40 DEBUG ChainPluginService:122 - Found configuration entry chaintest.generator.simple.enabled, will use chaintest.generator.simple.class-name to resolve class
2025-06-06 12:02:40 DEBUG FileGenerator:73 - Loading template index.ftl for class class com.aventstack.chaintest.generator.ChainTestEmailGenerator with basePackagePath email/
2025-06-06 12:02:41 DEBUG FileGenerator:73 - Loading template index.ftl for class class com.aventstack.chaintest.generator.ChainTestSimpleGenerator with basePackagePath simple
2025-06-06 12:02:41 INFO  Utils:112 - [TestRunner] Running the tests in 'Login Page Test_chrome' with parallel mode:tests
2025-06-06 12:02:41 INFO  Utils:112 - [RunInfo] Adding method selector: org.testng.internal.XmlMethodSelector@7996d0d4 priority: 10
2025-06-06 12:02:41 INFO  Utils:112 - [TestClass] Creating TestClass for [ClassImpl class=com.qa.opencart.tests.LoginPageTest]
2025-06-06 12:02:41 INFO  Utils:112 - [TestClass] Adding method LoginPageTest.loginPageTitleTest()[pri:0, instance:null] on TestClass class com.qa.opencart.tests.LoginPageTest
2025-06-06 12:02:41 INFO  Utils:112 - [TestClass] Adding method LoginPageTest.forgotPasswordLinkExistTest()[pri:0, instance:null] on TestClass class com.qa.opencart.tests.LoginPageTest
2025-06-06 12:02:41 INFO  Utils:112 - [TestClass] Adding method LoginPageTest.loginPageURLTest()[pri:0, instance:null] on TestClass class com.qa.opencart.tests.LoginPageTest
2025-06-06 12:02:41 INFO  Utils:112 - [TestClass] Adding method LoginPageTest.doLoginTest()[pri:32767, instance:null] on TestClass class com.qa.opencart.tests.LoginPageTest
2025-06-06 12:02:41 INFO  Utils:112 - [Utils] MethodGroupsHelper.collectMethodsByGroup() took 1 ms.
2025-06-06 12:02:41 INFO  Utils:112 - [Utils] MethodGroupsHelper.sortMethods() took 0 ms.
2025-06-06 12:02:41 INFO  Utils:112 - [Utils] MethodGroupsHelper.collectMethodsByGroup() took 0 ms.
2025-06-06 12:02:41 INFO  Utils:112 - [Utils] MethodGroupsHelper.sortMethods() took 0 ms.
2025-06-06 12:02:41 INFO  Utils:112 - [XmlMethodSelector] Including method com.qa.opencart.base.setup()
2025-06-06 12:02:41 INFO  Utils:112 - [Utils] MethodGroupsHelper.collectMethodsByGroup() took 8 ms.
2025-06-06 12:02:41 INFO  Utils:112 - [Utils] MethodGroupsHelper.sortMethods() took 14 ms.
2025-06-06 12:02:41 INFO  Utils:112 - [XmlMethodSelector] Including method com.qa.opencart.base.tearDown()
2025-06-06 12:02:41 INFO  Utils:112 - [Utils] MethodGroupsHelper.collectMethodsByGroup() took 0 ms.
2025-06-06 12:02:41 INFO  Utils:112 - [Utils] MethodGroupsHelper.sortMethods() took 1 ms.
2025-06-06 12:02:41 INFO  Utils:112 - [Utils] MethodGroupsHelper.collectMethodsByGroup() took 0 ms.
2025-06-06 12:02:41 INFO  Utils:112 - [Utils] MethodGroupsHelper.sortMethods() took 0 ms.
2025-06-06 12:02:41 INFO  Utils:112 - [Utils] MethodGroupsHelper.collectMethodsByGroup() took 0 ms.
2025-06-06 12:02:41 INFO  Utils:112 - [Utils] MethodGroupsHelper.sortMethods() took 0 ms.
2025-06-06 12:02:41 INFO  Utils:112 - [Utils] MethodGroupsHelper.collectMethodsByGroup() took 0 ms.
2025-06-06 12:02:41 INFO  Utils:112 - [Utils] MethodGroupsHelper.sortMethods() took 0 ms.
2025-06-06 12:02:41 INFO  Utils:112 - [Utils] MethodGroupsHelper.collectMethodsByGroup() took 0 ms.
2025-06-06 12:02:41 INFO  Utils:112 - [Utils] MethodGroupsHelper.sortMethods() took 0 ms.
2025-06-06 12:02:41 INFO  Utils:112 - [Utils] MethodGroupsHelper.collectMethodsByGroup() took 0 ms.
2025-06-06 12:02:41 INFO  Utils:112 - [Utils] MethodGroupsHelper.sortMethods() took 0 ms.
2025-06-06 12:02:41 INFO  Utils:112 - [XmlMethodSelector] Including method com.qa.opencart.base.attachScreenshot()
2025-06-06 12:02:41 INFO  Utils:112 - [Utils] MethodGroupsHelper.collectMethodsByGroup() took 1 ms.
2025-06-06 12:02:41 INFO  Utils:112 - [Utils] MethodGroupsHelper.sortMethods() took 0 ms.
2025-06-06 12:02:41 INFO  Utils:112 - [Utils] MethodGroupsHelper.collectMethodsByGroup() took 0 ms.
2025-06-06 12:02:41 INFO  Utils:112 - [Utils] MethodGroupsHelper.sortMethods() took 0 ms.
2025-06-06 12:02:41 INFO  Utils:112 - [Utils] MethodGroupsHelper.collectMethodsByGroup() took 2 ms.
2025-06-06 12:02:41 INFO  Utils:112 - [Utils] MethodGroupsHelper.sortMethods() took 0 ms.
2025-06-06 12:02:41 INFO  Utils:112 - [XmlMethodSelector] Including method com.qa.opencart.tests.loginPageTitleTest()
2025-06-06 12:02:41 INFO  Utils:112 - [XmlMethodSelector] Including method com.qa.opencart.tests.forgotPasswordLinkExistTest()
2025-06-06 12:02:41 INFO  Utils:112 - [XmlMethodSelector] Including method com.qa.opencart.tests.loginPageURLTest()
2025-06-06 12:02:41 INFO  Utils:112 - [XmlMethodSelector] Including method com.qa.opencart.tests.doLoginTest()
2025-06-06 12:02:41 INFO  Utils:112 - [Utils] MethodGroupsHelper.collectMethodsByGroup() took 2 ms.
2025-06-06 12:02:41 INFO  Utils:112 - [Utils] MethodGroupsHelper.sortMethods() took 3 ms.
2025-06-06 12:02:41 INFO  Utils:112 - [Utils] MethodGroupsHelper.collectMethodsByGroup() took 0 ms.
2025-06-06 12:02:41 INFO  Utils:112 - [Utils] MethodGroupsHelper.sortMethods() took 0 ms.
2025-06-06 12:02:41 INFO  Utils:112 - [Utils] MethodGroupsHelper.collectMethodsByGroup() took 0 ms.
2025-06-06 12:02:41 INFO  Utils:112 - [Utils] MethodGroupsHelper.sortMethods() took 0 ms.
2025-06-06 12:02:41 INFO  Utils:112 - [TestRunner] Running the tests in 'Login Page Test_firefox' with parallel mode:tests
2025-06-06 12:02:41 INFO  Utils:112 - [RunInfo] Adding method selector: org.testng.internal.XmlMethodSelector@148ab138 priority: 10
2025-06-06 12:02:41 INFO  Utils:112 - [TestClass] Creating TestClass for [ClassImpl class=com.qa.opencart.tests.LoginPageTest]
2025-06-06 12:02:41 INFO  Utils:112 - [TestClass] Adding method LoginPageTest.loginPageTitleTest()[pri:0, instance:null] on TestClass class com.qa.opencart.tests.LoginPageTest
2025-06-06 12:02:41 INFO  Utils:112 - [TestClass] Adding method LoginPageTest.forgotPasswordLinkExistTest()[pri:0, instance:null] on TestClass class com.qa.opencart.tests.LoginPageTest
2025-06-06 12:02:41 INFO  Utils:112 - [TestClass] Adding method LoginPageTest.loginPageURLTest()[pri:0, instance:null] on TestClass class com.qa.opencart.tests.LoginPageTest
2025-06-06 12:02:41 INFO  Utils:112 - [TestClass] Adding method LoginPageTest.doLoginTest()[pri:32767, instance:null] on TestClass class com.qa.opencart.tests.LoginPageTest
2025-06-06 12:02:41 INFO  Utils:112 - [Utils] MethodGroupsHelper.collectMethodsByGroup() took 0 ms.
2025-06-06 12:02:41 INFO  Utils:112 - [Utils] MethodGroupsHelper.sortMethods() took 0 ms.
2025-06-06 12:02:41 INFO  Utils:112 - [Utils] MethodGroupsHelper.collectMethodsByGroup() took 0 ms.
2025-06-06 12:02:41 INFO  Utils:112 - [Utils] MethodGroupsHelper.sortMethods() took 0 ms.
2025-06-06 12:02:41 INFO  Utils:112 - [XmlMethodSelector] Including method com.qa.opencart.base.setup()
2025-06-06 12:02:41 INFO  Utils:112 - [Utils] MethodGroupsHelper.collectMethodsByGroup() took 2 ms.
2025-06-06 12:02:41 INFO  Utils:112 - [Utils] MethodGroupsHelper.sortMethods() took 0 ms.
2025-06-06 12:02:41 INFO  Utils:112 - [XmlMethodSelector] Including method com.qa.opencart.base.tearDown()
2025-06-06 12:02:41 INFO  Utils:112 - [Utils] MethodGroupsHelper.collectMethodsByGroup() took 0 ms.
2025-06-06 12:02:41 INFO  Utils:112 - [Utils] MethodGroupsHelper.sortMethods() took 0 ms.
2025-06-06 12:02:41 INFO  Utils:112 - [Utils] MethodGroupsHelper.collectMethodsByGroup() took 0 ms.
2025-06-06 12:02:41 INFO  Utils:112 - [Utils] MethodGroupsHelper.sortMethods() took 0 ms.
2025-06-06 12:02:41 INFO  Utils:112 - [Utils] MethodGroupsHelper.collectMethodsByGroup() took 0 ms.
2025-06-06 12:02:41 INFO  Utils:112 - [Utils] MethodGroupsHelper.sortMethods() took 0 ms.
2025-06-06 12:02:41 INFO  Utils:112 - [Utils] MethodGroupsHelper.collectMethodsByGroup() took 0 ms.
2025-06-06 12:02:41 INFO  Utils:112 - [Utils] MethodGroupsHelper.sortMethods() took 0 ms.
2025-06-06 12:02:41 INFO  Utils:112 - [Utils] MethodGroupsHelper.collectMethodsByGroup() took 0 ms.
2025-06-06 12:02:41 INFO  Utils:112 - [Utils] MethodGroupsHelper.sortMethods() took 0 ms.
2025-06-06 12:02:41 INFO  Utils:112 - [Utils] MethodGroupsHelper.collectMethodsByGroup() took 0 ms.
2025-06-06 12:02:41 INFO  Utils:112 - [Utils] MethodGroupsHelper.sortMethods() took 0 ms.
2025-06-06 12:02:41 INFO  Utils:112 - [XmlMethodSelector] Including method com.qa.opencart.base.attachScreenshot()
2025-06-06 12:02:41 INFO  Utils:112 - [Utils] MethodGroupsHelper.collectMethodsByGroup() took 1 ms.
2025-06-06 12:02:41 INFO  Utils:112 - [Utils] MethodGroupsHelper.sortMethods() took 1 ms.
2025-06-06 12:02:41 INFO  Utils:112 - [Utils] MethodGroupsHelper.collectMethodsByGroup() took 0 ms.
2025-06-06 12:02:41 INFO  Utils:112 - [Utils] MethodGroupsHelper.sortMethods() took 0 ms.
2025-06-06 12:02:41 INFO  Utils:112 - [Utils] MethodGroupsHelper.collectMethodsByGroup() took 0 ms.
2025-06-06 12:02:41 INFO  Utils:112 - [Utils] MethodGroupsHelper.sortMethods() took 0 ms.
2025-06-06 12:02:41 INFO  Utils:112 - [XmlMethodSelector] Including method com.qa.opencart.tests.loginPageTitleTest()
2025-06-06 12:02:41 INFO  Utils:112 - [XmlMethodSelector] Including method com.qa.opencart.tests.forgotPasswordLinkExistTest()
2025-06-06 12:02:41 INFO  Utils:112 - [XmlMethodSelector] Including method com.qa.opencart.tests.loginPageURLTest()
2025-06-06 12:02:41 INFO  Utils:112 - [XmlMethodSelector] Including method com.qa.opencart.tests.doLoginTest()
2025-06-06 12:02:41 INFO  Utils:112 - [Utils] MethodGroupsHelper.collectMethodsByGroup() took 1 ms.
2025-06-06 12:02:41 INFO  Utils:112 - [Utils] MethodGroupsHelper.sortMethods() took 0 ms.
2025-06-06 12:02:41 INFO  Utils:112 - [Utils] MethodGroupsHelper.collectMethodsByGroup() took 0 ms.
2025-06-06 12:02:41 INFO  Utils:112 - [Utils] MethodGroupsHelper.sortMethods() took 0 ms.
2025-06-06 12:02:41 INFO  Utils:112 - [Utils] MethodGroupsHelper.collectMethodsByGroup() took 0 ms.
2025-06-06 12:02:41 INFO  Utils:112 - [Utils] MethodGroupsHelper.sortMethods() took 0 ms.
2025-06-06 12:02:41 INFO  Utils:112 - [TestRunner] Running the tests in 'Accounts Page Test_chrome' with parallel mode:tests
2025-06-06 12:02:41 INFO  Utils:112 - [RunInfo] Adding method selector: org.testng.internal.XmlMethodSelector@52d9d817 priority: 10
2025-06-06 12:02:41 INFO  Utils:112 - [TestClass] Creating TestClass for [ClassImpl class=com.qa.opencart.tests.AccountsPageTest]
2025-06-06 12:02:41 INFO  Utils:112 - [TestClass] Adding method AccountsPageTest.AccountsPageUrlTest()[pri:0, instance:null] on TestClass class com.qa.opencart.tests.AccountsPageTest
2025-06-06 12:02:41 INFO  Utils:112 - [TestClass] Adding method AccountsPageTest.AccountsPageTitleTest()[pri:0, instance:null] on TestClass class com.qa.opencart.tests.AccountsPageTest
2025-06-06 12:02:41 INFO  Utils:112 - [Utils] MethodGroupsHelper.collectMethodsByGroup() took 0 ms.
2025-06-06 12:02:41 INFO  Utils:112 - [Utils] MethodGroupsHelper.sortMethods() took 0 ms.
2025-06-06 12:02:41 INFO  Utils:112 - [Utils] MethodGroupsHelper.collectMethodsByGroup() took 0 ms.
2025-06-06 12:02:41 INFO  Utils:112 - [Utils] MethodGroupsHelper.sortMethods() took 0 ms.
2025-06-06 12:02:41 INFO  Utils:112 - [XmlMethodSelector] Including method com.qa.opencart.base.setup()
2025-06-06 12:02:41 INFO  Utils:112 - [Utils] MethodGroupsHelper.collectMethodsByGroup() took 0 ms.
2025-06-06 12:02:41 INFO  Utils:112 - [Utils] MethodGroupsHelper.sortMethods() took 0 ms.
2025-06-06 12:02:41 INFO  Utils:112 - [XmlMethodSelector] Including method com.qa.opencart.base.tearDown()
2025-06-06 12:02:41 INFO  Utils:112 - [Utils] MethodGroupsHelper.collectMethodsByGroup() took 0 ms.
2025-06-06 12:02:41 INFO  Utils:112 - [Utils] MethodGroupsHelper.sortMethods() took 1 ms.
2025-06-06 12:02:41 INFO  Utils:112 - [XmlMethodSelector] Including method com.qa.opencart.tests.AccPageSetup()
2025-06-06 12:02:41 INFO  Utils:112 - [Utils] MethodGroupsHelper.collectMethodsByGroup() took 0 ms.
2025-06-06 12:02:41 INFO  Utils:112 - [Utils] MethodGroupsHelper.sortMethods() took 0 ms.
2025-06-06 12:02:41 INFO  Utils:112 - [Utils] MethodGroupsHelper.collectMethodsByGroup() took 0 ms.
2025-06-06 12:02:41 INFO  Utils:112 - [Utils] MethodGroupsHelper.sortMethods() took 0 ms.
2025-06-06 12:02:41 INFO  Utils:112 - [Utils] MethodGroupsHelper.collectMethodsByGroup() took 0 ms.
2025-06-06 12:02:41 INFO  Utils:112 - [Utils] MethodGroupsHelper.sortMethods() took 0 ms.
2025-06-06 12:02:41 INFO  Utils:112 - [Utils] MethodGroupsHelper.collectMethodsByGroup() took 0 ms.
2025-06-06 12:02:41 INFO  Utils:112 - [Utils] MethodGroupsHelper.sortMethods() took 0 ms.
2025-06-06 12:02:41 INFO  Utils:112 - [Utils] MethodGroupsHelper.collectMethodsByGroup() took 0 ms.
2025-06-06 12:02:41 INFO  Utils:112 - [Utils] MethodGroupsHelper.sortMethods() took 0 ms.
2025-06-06 12:02:41 INFO  Utils:112 - [XmlMethodSelector] Including method com.qa.opencart.base.attachScreenshot()
2025-06-06 12:02:41 INFO  Utils:112 - [Utils] MethodGroupsHelper.collectMethodsByGroup() took 0 ms.
2025-06-06 12:02:41 INFO  Utils:112 - [Utils] MethodGroupsHelper.sortMethods() took 0 ms.
2025-06-06 12:02:41 INFO  Utils:112 - [Utils] MethodGroupsHelper.collectMethodsByGroup() took 0 ms.
2025-06-06 12:02:41 INFO  Utils:112 - [Utils] MethodGroupsHelper.sortMethods() took 0 ms.
2025-06-06 12:02:41 INFO  Utils:112 - [Utils] MethodGroupsHelper.collectMethodsByGroup() took 0 ms.
2025-06-06 12:02:41 INFO  Utils:112 - [Utils] MethodGroupsHelper.sortMethods() took 0 ms.
2025-06-06 12:02:41 INFO  Utils:112 - [XmlMethodSelector] Including method com.qa.opencart.tests.AccountsPageUrlTest()
2025-06-06 12:02:41 INFO  Utils:112 - [XmlMethodSelector] Including method com.qa.opencart.tests.AccountsPageTitleTest()
2025-06-06 12:02:41 INFO  Utils:112 - [Utils] MethodGroupsHelper.collectMethodsByGroup() took 2 ms.
2025-06-06 12:02:41 INFO  Utils:112 - [Utils] MethodGroupsHelper.sortMethods() took 0 ms.
2025-06-06 12:02:41 INFO  Utils:112 - [Utils] MethodGroupsHelper.collectMethodsByGroup() took 0 ms.
2025-06-06 12:02:41 INFO  Utils:112 - [Utils] MethodGroupsHelper.sortMethods() took 0 ms.
2025-06-06 12:02:41 INFO  Utils:112 - [Utils] MethodGroupsHelper.collectMethodsByGroup() took 0 ms.
2025-06-06 12:02:41 INFO  Utils:112 - [Utils] MethodGroupsHelper.sortMethods() took 0 ms.
2025-06-06 12:02:41 INFO  Utils:112 - [TestRunner] Running the tests in 'Accounts Page Test_firefox' with parallel mode:tests
2025-06-06 12:02:41 INFO  Utils:112 - [RunInfo] Adding method selector: org.testng.internal.XmlMethodSelector@39851c5 priority: 10
2025-06-06 12:02:41 INFO  Utils:112 - [TestClass] Creating TestClass for [ClassImpl class=com.qa.opencart.tests.AccountsPageTest]
2025-06-06 12:02:41 INFO  Utils:112 - [TestClass] Adding method AccountsPageTest.AccountsPageUrlTest()[pri:0, instance:null] on TestClass class com.qa.opencart.tests.AccountsPageTest
2025-06-06 12:02:41 INFO  Utils:112 - [TestClass] Adding method AccountsPageTest.AccountsPageTitleTest()[pri:0, instance:null] on TestClass class com.qa.opencart.tests.AccountsPageTest
2025-06-06 12:02:41 INFO  Utils:112 - [Utils] MethodGroupsHelper.collectMethodsByGroup() took 0 ms.
2025-06-06 12:02:41 INFO  Utils:112 - [Utils] MethodGroupsHelper.sortMethods() took 0 ms.
2025-06-06 12:02:41 INFO  Utils:112 - [Utils] MethodGroupsHelper.collectMethodsByGroup() took 0 ms.
2025-06-06 12:02:41 INFO  Utils:112 - [Utils] MethodGroupsHelper.sortMethods() took 0 ms.
2025-06-06 12:02:41 INFO  Utils:112 - [XmlMethodSelector] Including method com.qa.opencart.base.setup()
2025-06-06 12:02:41 INFO  Utils:112 - [Utils] MethodGroupsHelper.collectMethodsByGroup() took 0 ms.
2025-06-06 12:02:41 INFO  Utils:112 - [Utils] MethodGroupsHelper.sortMethods() took 0 ms.
2025-06-06 12:02:41 INFO  Utils:112 - [XmlMethodSelector] Including method com.qa.opencart.base.tearDown()
2025-06-06 12:02:41 INFO  Utils:112 - [Utils] MethodGroupsHelper.collectMethodsByGroup() took 0 ms.
2025-06-06 12:02:41 INFO  Utils:112 - [Utils] MethodGroupsHelper.sortMethods() took 0 ms.
2025-06-06 12:02:41 INFO  Utils:112 - [XmlMethodSelector] Including method com.qa.opencart.tests.AccPageSetup()
2025-06-06 12:02:41 INFO  Utils:112 - [Utils] MethodGroupsHelper.collectMethodsByGroup() took 0 ms.
2025-06-06 12:02:41 INFO  Utils:112 - [Utils] MethodGroupsHelper.sortMethods() took 0 ms.
2025-06-06 12:02:41 INFO  Utils:112 - [Utils] MethodGroupsHelper.collectMethodsByGroup() took 0 ms.
2025-06-06 12:02:41 INFO  Utils:112 - [Utils] MethodGroupsHelper.sortMethods() took 0 ms.
2025-06-06 12:02:41 INFO  Utils:112 - [Utils] MethodGroupsHelper.collectMethodsByGroup() took 0 ms.
2025-06-06 12:02:41 INFO  Utils:112 - [Utils] MethodGroupsHelper.sortMethods() took 0 ms.
2025-06-06 12:02:41 INFO  Utils:112 - [Utils] MethodGroupsHelper.collectMethodsByGroup() took 0 ms.
2025-06-06 12:02:41 INFO  Utils:112 - [Utils] MethodGroupsHelper.sortMethods() took 0 ms.
2025-06-06 12:02:41 INFO  Utils:112 - [Utils] MethodGroupsHelper.collectMethodsByGroup() took 0 ms.
2025-06-06 12:02:41 INFO  Utils:112 - [Utils] MethodGroupsHelper.sortMethods() took 1 ms.
2025-06-06 12:02:41 INFO  Utils:112 - [XmlMethodSelector] Including method com.qa.opencart.base.attachScreenshot()
2025-06-06 12:02:41 INFO  Utils:112 - [Utils] MethodGroupsHelper.collectMethodsByGroup() took 0 ms.
2025-06-06 12:02:41 INFO  Utils:112 - [Utils] MethodGroupsHelper.sortMethods() took 0 ms.
2025-06-06 12:02:41 INFO  Utils:112 - [Utils] MethodGroupsHelper.collectMethodsByGroup() took 0 ms.
2025-06-06 12:02:41 INFO  Utils:112 - [Utils] MethodGroupsHelper.sortMethods() took 0 ms.
2025-06-06 12:02:41 INFO  Utils:112 - [Utils] MethodGroupsHelper.collectMethodsByGroup() took 0 ms.
2025-06-06 12:02:41 INFO  Utils:112 - [Utils] MethodGroupsHelper.sortMethods() took 0 ms.
2025-06-06 12:02:41 INFO  Utils:112 - [XmlMethodSelector] Including method com.qa.opencart.tests.AccountsPageUrlTest()
2025-06-06 12:02:41 INFO  Utils:112 - [XmlMethodSelector] Including method com.qa.opencart.tests.AccountsPageTitleTest()
2025-06-06 12:02:41 INFO  Utils:112 - [Utils] MethodGroupsHelper.collectMethodsByGroup() took 0 ms.
2025-06-06 12:02:41 INFO  Utils:112 - [Utils] MethodGroupsHelper.sortMethods() took 0 ms.
2025-06-06 12:02:41 INFO  Utils:112 - [Utils] MethodGroupsHelper.collectMethodsByGroup() took 0 ms.
2025-06-06 12:02:41 INFO  Utils:112 - [Utils] MethodGroupsHelper.sortMethods() took 0 ms.
2025-06-06 12:02:41 INFO  Utils:112 - [Utils] MethodGroupsHelper.collectMethodsByGroup() took 0 ms.
2025-06-06 12:02:41 INFO  Utils:112 - [Utils] MethodGroupsHelper.sortMethods() took 0 ms.
2025-06-06 12:02:41 INFO  Utils:112 - [TestRunner] Running the tests in 'Register Page Test' with parallel mode:tests
2025-06-06 12:02:41 INFO  Utils:112 - [RunInfo] Adding method selector: org.testng.internal.XmlMethodSelector@6aa6c17 priority: 10
2025-06-06 12:02:41 INFO  Utils:112 - [TestClass] Creating TestClass for [ClassImpl class=com.qa.opencart.tests.RegisterPagetest]
2025-06-06 12:02:41 INFO  Utils:112 - [TestClass] Adding method RegisterPagetest.Userregisterationtest(java.lang.String,java.lang.String,java.lang.String,java.lang.String,java.lang.String)[pri:0, instance:null] on TestClass class com.qa.opencart.tests.RegisterPagetest
2025-06-06 12:02:41 INFO  Utils:112 - [Utils] MethodGroupsHelper.collectMethodsByGroup() took 0 ms.
2025-06-06 12:02:41 INFO  Utils:112 - [Utils] MethodGroupsHelper.sortMethods() took 0 ms.
2025-06-06 12:02:41 INFO  Utils:112 - [Utils] MethodGroupsHelper.collectMethodsByGroup() took 0 ms.
2025-06-06 12:02:41 INFO  Utils:112 - [Utils] MethodGroupsHelper.sortMethods() took 0 ms.
2025-06-06 12:02:41 INFO  Utils:112 - [XmlMethodSelector] Including method com.qa.opencart.base.setup()
2025-06-06 12:02:41 INFO  Utils:112 - [Utils] MethodGroupsHelper.collectMethodsByGroup() took 0 ms.
2025-06-06 12:02:41 INFO  Utils:112 - [Utils] MethodGroupsHelper.sortMethods() took 0 ms.
2025-06-06 12:02:41 INFO  Utils:112 - [XmlMethodSelector] Including method com.qa.opencart.base.tearDown()
2025-06-06 12:02:41 INFO  Utils:112 - [Utils] MethodGroupsHelper.collectMethodsByGroup() took 0 ms.
2025-06-06 12:02:41 INFO  Utils:112 - [Utils] MethodGroupsHelper.sortMethods() took 0 ms.
2025-06-06 12:02:41 INFO  Utils:112 - [XmlMethodSelector] Including method com.qa.opencart.tests.AccPageSetup()
2025-06-06 12:02:41 INFO  Utils:112 - [Utils] MethodGroupsHelper.collectMethodsByGroup() took 0 ms.
2025-06-06 12:02:41 INFO  Utils:112 - [Utils] MethodGroupsHelper.sortMethods() took 0 ms.
2025-06-06 12:02:41 INFO  Utils:112 - [Utils] MethodGroupsHelper.collectMethodsByGroup() took 0 ms.
2025-06-06 12:02:41 INFO  Utils:112 - [Utils] MethodGroupsHelper.sortMethods() took 0 ms.
2025-06-06 12:02:41 INFO  Utils:112 - [Utils] MethodGroupsHelper.collectMethodsByGroup() took 0 ms.
2025-06-06 12:02:41 INFO  Utils:112 - [Utils] MethodGroupsHelper.sortMethods() took 0 ms.
2025-06-06 12:02:41 INFO  Utils:112 - [Utils] MethodGroupsHelper.collectMethodsByGroup() took 0 ms.
2025-06-06 12:02:41 INFO  Utils:112 - [Utils] MethodGroupsHelper.sortMethods() took 0 ms.
2025-06-06 12:02:41 INFO  Utils:112 - [Utils] MethodGroupsHelper.collectMethodsByGroup() took 0 ms.
2025-06-06 12:02:41 INFO  Utils:112 - [Utils] MethodGroupsHelper.sortMethods() took 0 ms.
2025-06-06 12:02:41 INFO  Utils:112 - [XmlMethodSelector] Including method com.qa.opencart.base.attachScreenshot()
2025-06-06 12:02:41 INFO  Utils:112 - [Utils] MethodGroupsHelper.collectMethodsByGroup() took 1 ms.
2025-06-06 12:02:41 INFO  Utils:112 - [Utils] MethodGroupsHelper.sortMethods() took 0 ms.
2025-06-06 12:02:41 INFO  Utils:112 - [Utils] MethodGroupsHelper.collectMethodsByGroup() took 0 ms.
2025-06-06 12:02:41 INFO  Utils:112 - [Utils] MethodGroupsHelper.sortMethods() took 0 ms.
2025-06-06 12:02:41 INFO  Utils:112 - [Utils] MethodGroupsHelper.collectMethodsByGroup() took 0 ms.
2025-06-06 12:02:41 INFO  Utils:112 - [Utils] MethodGroupsHelper.sortMethods() took 0 ms.
2025-06-06 12:02:41 INFO  Utils:112 - [XmlMethodSelector] Including method com.qa.opencart.tests.Userregisterationtest()
2025-06-06 12:02:41 INFO  Utils:112 - [Utils] MethodGroupsHelper.collectMethodsByGroup() took 0 ms.
2025-06-06 12:02:41 INFO  Utils:112 - [Utils] MethodGroupsHelper.sortMethods() took 0 ms.
2025-06-06 12:02:41 INFO  Utils:112 - [Utils] MethodGroupsHelper.collectMethodsByGroup() took 0 ms.
2025-06-06 12:02:41 INFO  Utils:112 - [Utils] MethodGroupsHelper.sortMethods() took 0 ms.
2025-06-06 12:02:41 INFO  Utils:112 - [Utils] MethodGroupsHelper.collectMethodsByGroup() took 0 ms.
2025-06-06 12:02:41 INFO  Utils:112 - [Utils] MethodGroupsHelper.sortMethods() took 0 ms.
2025-06-06 12:02:41 INFO  Utils:112 - [TestNG] Running:
  D:\Automation Testing\eclipse workspace\POMSeries\src\test\resources\testrunners\testng_regression.xml

2025-06-06 12:02:41 INFO  Utils:112 - [SuiteRunner] Created 5 TestRunners
2025-06-06 12:02:41 INFO  Utils:112 - [ThreadUtil] Starting executor timeOut:2147483647ms workers:5 threadPoolSize:5
2025-06-06 12:02:41 INFO  Utils:112 - [[SuiteWorker]] Running XML Test 'Accounts Page Test_firefox' in Parallel
2025-06-06 12:02:41 INFO  Utils:112 - [[SuiteWorker]] Running XML Test 'Accounts Page Test_chrome' in Parallel
2025-06-06 12:02:41 INFO  Utils:112 - [[SuiteWorker]] Running XML Test 'Login Page Test_firefox' in Parallel
2025-06-06 12:02:41 INFO  Utils:112 - [[SuiteWorker]] Running XML Test 'Login Page Test_chrome' in Parallel
2025-06-06 12:02:41 INFO  Utils:112 - [[SuiteWorker]] Running XML Test 'Register Page Test' in Parallel
2025-06-06 12:02:41 INFO  Utils:112 - [TestRunner] Running test Accounts Page Test_firefox on 1  classes,  included groups:[] excluded groups:[]
2025-06-06 12:02:41 INFO  Utils:112 - [TestRunner] Running test Login Page Test_firefox on 1  classes,  included groups:[] excluded groups:[]
2025-06-06 12:02:41 INFO  Utils:112 - [TestRunner] Running test Accounts Page Test_chrome on 1  classes,  included groups:[] excluded groups:[]
2025-06-06 12:02:41 INFO  Utils:112 - [TestRunner] Running test Register Page Test on 1  classes,  included groups:[] excluded groups:[]
2025-06-06 12:02:41 INFO  TestClass:112 - ===== Test class
com.qa.opencart.tests.AccountsPageTest
2025-06-06 12:02:41 INFO  TestClass:112 - ===== Test class
com.qa.opencart.tests.RegisterPagetest
2025-06-06 12:02:41 INFO  TestClass:112 - ===== Test class
com.qa.opencart.tests.AccountsPageTest
2025-06-06 12:02:41 INFO  TestClass:112 -   @BeforeClass AccountsPageTest.AccPageSetup()[pri:0, instance:com.qa.opencart.tests.AccountsPageTest@2c7ad4f3]
2025-06-06 12:02:41 INFO  TestClass:112 -   @BeforeClass RegisterPagetest.AccPageSetup()[pri:0, instance:com.qa.opencart.tests.RegisterPagetest@66d2885c]
2025-06-06 12:02:41 INFO  Utils:112 - [TestRunner] Running test Login Page Test_chrome on 1  classes,  included groups:[] excluded groups:[]
2025-06-06 12:02:41 INFO  TestClass:112 -   @BeforeClass AccountsPageTest.AccPageSetup()[pri:0, instance:com.qa.opencart.tests.AccountsPageTest@995ad50]
2025-06-06 12:02:41 INFO  TestClass:112 -     @Test AccountsPageTest.AccountsPageUrlTest()[pri:0, instance:com.qa.opencart.tests.AccountsPageTest@2c7ad4f3]
2025-06-06 12:02:41 INFO  TestClass:112 -     @Test AccountsPageTest.AccountsPageUrlTest()[pri:0, instance:com.qa.opencart.tests.AccountsPageTest@995ad50]
2025-06-06 12:02:41 INFO  TestClass:112 -     @Test AccountsPageTest.AccountsPageTitleTest()[pri:0, instance:com.qa.opencart.tests.AccountsPageTest@2c7ad4f3]
2025-06-06 12:02:41 INFO  TestClass:112 -     @Test AccountsPageTest.AccountsPageTitleTest()[pri:0, instance:com.qa.opencart.tests.AccountsPageTest@995ad50]
2025-06-06 12:02:41 INFO  TestClass:112 -   @AfterMethod BaseTest.attachScreenshot(org.testng.ITestResult)[pri:0, instance:com.qa.opencart.tests.AccountsPageTest@995ad50]
2025-06-06 12:02:41 INFO  TestClass:112 - ===== Test class
com.qa.opencart.tests.LoginPageTest
2025-06-06 12:02:41 INFO  TestClass:112 - ===== Test class
com.qa.opencart.tests.LoginPageTest
2025-06-06 12:02:41 INFO  TestClass:112 -   @AfterMethod BaseTest.attachScreenshot(org.testng.ITestResult)[pri:0, instance:com.qa.opencart.tests.AccountsPageTest@2c7ad4f3]
2025-06-06 12:02:41 INFO  TestClass:112 -     @Test LoginPageTest.loginPageTitleTest()[pri:0, instance:com.qa.opencart.tests.LoginPageTest@6f106af8]
2025-06-06 12:02:41 INFO  TestClass:112 - ======
2025-06-06 12:02:41 INFO  TestClass:112 -     @Test LoginPageTest.forgotPasswordLinkExistTest()[pri:0, instance:com.qa.opencart.tests.LoginPageTest@6f106af8]
2025-06-06 12:02:41 INFO  TestClass:112 - ======
2025-06-06 12:02:41 INFO  TestClass:112 -     @Test LoginPageTest.loginPageTitleTest()[pri:0, instance:com.qa.opencart.tests.LoginPageTest@3316527e]
2025-06-06 12:02:41 INFO  TestClass:112 -     @Test RegisterPagetest.Userregisterationtest(java.lang.String,java.lang.String,java.lang.String,java.lang.String,java.lang.String)[pri:0, instance:com.qa.opencart.tests.RegisterPagetest@66d2885c]
2025-06-06 12:02:41 INFO  TestClass:112 -     @Test LoginPageTest.forgotPasswordLinkExistTest()[pri:0, instance:com.qa.opencart.tests.LoginPageTest@3316527e]
2025-06-06 12:02:41 INFO  TestClass:112 -     @Test LoginPageTest.loginPageURLTest()[pri:0, instance:com.qa.opencart.tests.LoginPageTest@3316527e]
2025-06-06 12:02:41 INFO  TestClass:112 -     @Test LoginPageTest.doLoginTest()[pri:32767, instance:com.qa.opencart.tests.LoginPageTest@3316527e]
2025-06-06 12:02:41 INFO  TestClass:112 -   @AfterMethod BaseTest.attachScreenshot(org.testng.ITestResult)[pri:0, instance:com.qa.opencart.tests.RegisterPagetest@66d2885c]
2025-06-06 12:02:41 INFO  TestClass:112 - ======
2025-06-06 12:02:41 INFO  TestClass:112 -   @AfterMethod BaseTest.attachScreenshot(org.testng.ITestResult)[pri:0, instance:com.qa.opencart.tests.LoginPageTest@3316527e]
2025-06-06 12:02:41 INFO  TestClass:112 -     @Test LoginPageTest.loginPageURLTest()[pri:0, instance:com.qa.opencart.tests.LoginPageTest@6f106af8]
2025-06-06 12:02:41 INFO  TestClass:112 -     @Test LoginPageTest.doLoginTest()[pri:32767, instance:com.qa.opencart.tests.LoginPageTest@6f106af8]
2025-06-06 12:02:41 INFO  TestClass:112 -   @AfterMethod BaseTest.attachScreenshot(org.testng.ITestResult)[pri:0, instance:com.qa.opencart.tests.LoginPageTest@6f106af8]
2025-06-06 12:02:41 INFO  TestClass:112 - ======
2025-06-06 12:02:41 INFO  TestClass:112 - ======
2025-06-06 12:02:41 INFO  Utils:112 - [Invoker 267514981] Invoking @BeforeTest BaseTest.setup(java.lang.String,java.lang.String,java.lang.String)[pri:0, instance:com.qa.opencart.tests.AccountsPageTest@995ad50]
2025-06-06 12:02:41 INFO  Utils:112 - [Invoker 1250112917] Invoking @BeforeTest BaseTest.setup(java.lang.String,java.lang.String,java.lang.String)[pri:0, instance:com.qa.opencart.tests.RegisterPagetest@66d2885c]
2025-06-06 12:02:41 INFO  Utils:112 - [Invoker 52395704] Invoking @BeforeTest BaseTest.setup(java.lang.String,java.lang.String,java.lang.String)[pri:0, instance:com.qa.opencart.tests.AccountsPageTest@2c7ad4f3]
2025-06-06 12:02:41 INFO  Utils:112 - [Invoker 1394524874] Invoking @BeforeTest BaseTest.setup(java.lang.String,java.lang.String,java.lang.String)[pri:0, instance:com.qa.opencart.tests.LoginPageTest@3316527e]
2025-06-06 12:02:41 INFO  Utils:112 - [Invoker 1880741401] Invoking @BeforeTest BaseTest.setup(java.lang.String,java.lang.String,java.lang.String)[pri:0, instance:com.qa.opencart.tests.LoginPageTest@6f106af8]
2025-06-06 12:02:47 INFO  Utils:112 - [Utils] DynamicGraphHelper.createDynamicGraph() took 10 ms.
2025-06-06 12:02:48 INFO  Utils:112 - [Invoker 1394524874] Invoking com.qa.opencart.tests.LoginPageTest.forgotPasswordLinkExistTest
2025-06-06 12:02:48 INFO  Utils:112 - [Utils] DynamicGraphHelper.createDynamicGraph() took 0 ms.
2025-06-06 12:02:48 INFO  Utils:112 - [Invoker 1250112917] Invoking @BeforeClass RegisterPagetest.AccPageSetup()[pri:0, instance:com.qa.opencart.tests.RegisterPagetest@66d2885c]
2025-06-06 12:02:48 INFO  Utils:112 - [Utils] DynamicGraphHelper.createDynamicGraph() took 0 ms.
2025-06-06 12:02:48 INFO  Utils:112 - [Invoker 267514981] Invoking @BeforeClass AccountsPageTest.AccPageSetup()[pri:0, instance:com.qa.opencart.tests.AccountsPageTest@995ad50]
2025-06-06 12:02:48 INFO  Utils:112 - [Invoker 1394524874] Invoking @AfterMethod BaseTest.attachScreenshot(org.testng.ITestResult)[pri:0, instance:com.qa.opencart.tests.LoginPageTest@3316527e]
2025-06-06 12:02:48 INFO  Utils:112 - [Invoker 1394524874] Invoking com.qa.opencart.tests.LoginPageTest.loginPageTitleTest
2025-06-06 12:02:49 INFO  Utils:112 - [Invoker 1394524874] Invoking @AfterMethod BaseTest.attachScreenshot(org.testng.ITestResult)[pri:0, instance:com.qa.opencart.tests.LoginPageTest@3316527e]
2025-06-06 12:02:49 INFO  Utils:112 - [Invoker 1394524874] Invoking com.qa.opencart.tests.LoginPageTest.loginPageURLTest
2025-06-06 12:02:49 INFO  Utils:112 - [Invoker 1394524874] Invoking @AfterMethod BaseTest.attachScreenshot(org.testng.ITestResult)[pri:0, instance:com.qa.opencart.tests.LoginPageTest@3316527e]
2025-06-06 12:02:49 INFO  Utils:112 - [Invoker 1394524874] Invoking com.qa.opencart.tests.LoginPageTest.doLoginTest
2025-06-06 12:02:49 ERROR Utils:154 - [Error] org.testng.TestNGException: 
Data Provider public java.lang.Object[][] com.qa.opencart.tests.RegisterPagetest.getUserRegData() returned a null value
	at org.testng.internal.invokers.MethodInvocationHelper.invokeDataProvider(MethodInvocationHelper.java:159)
	at org.testng.internal.Parameters.handleParameters(Parameters.java:803)
	at org.testng.internal.Parameters.handleParameters(Parameters.java:728)
	at org.testng.internal.invokers.ParameterHandler.handleParameters(ParameterHandler.java:72)
	at org.testng.internal.invokers.ParameterHandler.createParameters(ParameterHandler.java:51)
	at org.testng.internal.invokers.TestInvoker$MethodInvocationAgent.invoke(TestInvoker.java:924)
	at org.testng.internal.invokers.TestInvoker.invokeTestMethods(TestInvoker.java:194)
	at org.testng.internal.invokers.TestMethodWorker.invokeTestMethods(TestMethodWorker.java:148)
	at org.testng.internal.invokers.TestMethodWorker.run(TestMethodWorker.java:128)
	at java.base/java.util.ArrayList.forEach(ArrayList.java:1597)
	at org.testng.TestRunner.privateRun(TestRunner.java:829)
	at org.testng.TestRunner.run(TestRunner.java:602)
	at org.testng.SuiteRunner.runTest(SuiteRunner.java:437)
	at org.testng.SuiteRunner$SuiteWorker.run(SuiteRunner.java:475)
	at org.testng.internal.thread.ThreadUtil.lambda$execute$0(ThreadUtil.java:58)
	at java.base/java.util.concurrent.FutureTask.run(FutureTask.java:317)
	at java.base/java.util.concurrent.ThreadPoolExecutor.runWorker(ThreadPoolExecutor.java:1144)
	at java.base/java.util.concurrent.ThreadPoolExecutor$Worker.run(ThreadPoolExecutor.java:642)
	at java.base/java.lang.Thread.run(Thread.java:1575)

2025-06-06 12:02:49 ERROR AllureLifecycle:609 - Could not add attachment: no test is running
2025-06-06 12:02:49 ERROR AllureLifecycle:609 - Could not add attachment: no test is running
2025-06-06 12:02:49 INFO  Utils:112 - [Invoker 1250112917] Invoking @AfterTest BaseTest.tearDown()[pri:0, instance:com.qa.opencart.tests.RegisterPagetest@66d2885c]
2025-06-06 12:02:50 INFO  Utils:112 - [[Utils]] Attempting to create D:\Automation Testing\eclipse workspace\POMSeries\test-output\Opencart App Test Regression Suite\Register Page Test.xml
2025-06-06 12:02:50 INFO  Utils:112 - [[Utils]]   Directory D:\Automation Testing\eclipse workspace\POMSeries\test-output\Opencart App Test Regression Suite exists: true
2025-06-06 12:02:50 INFO  Utils:112 - Creating D:\Automation Testing\eclipse workspace\POMSeries\test-output\Opencart App Test Regression Suite\Register Page Test.xml
2025-06-06 12:02:51 INFO  Utils:112 - [Utils] DynamicGraphHelper.createDynamicGraph() took 0 ms.
2025-06-06 12:02:51 INFO  Utils:112 - [Invoker 52395704] Invoking @BeforeClass AccountsPageTest.AccPageSetup()[pri:0, instance:com.qa.opencart.tests.AccountsPageTest@2c7ad4f3]
2025-06-06 12:02:52 INFO  Utils:112 - [Utils] DynamicGraphHelper.createDynamicGraph() took 0 ms.
2025-06-06 12:02:52 INFO  Utils:112 - [Invoker 1880741401] Invoking com.qa.opencart.tests.LoginPageTest.forgotPasswordLinkExistTest
2025-06-06 12:02:52 INFO  Utils:112 - [Invoker 267514981] Invoking com.qa.opencart.tests.AccountsPageTest.AccountsPageTitleTest
2025-06-06 12:02:52 INFO  Utils:112 - [Invoker 267514981] Invoking @AfterMethod BaseTest.attachScreenshot(org.testng.ITestResult)[pri:0, instance:com.qa.opencart.tests.AccountsPageTest@995ad50]
2025-06-06 12:02:52 INFO  Utils:112 - [Invoker 267514981] Invoking com.qa.opencart.tests.AccountsPageTest.AccountsPageUrlTest
2025-06-06 12:02:52 INFO  Utils:112 - [Invoker 267514981] Invoking @AfterMethod BaseTest.attachScreenshot(org.testng.ITestResult)[pri:0, instance:com.qa.opencart.tests.AccountsPageTest@995ad50]
2025-06-06 12:02:52 INFO  Utils:112 - [Invoker 267514981] Invoking @AfterTest BaseTest.tearDown()[pri:0, instance:com.qa.opencart.tests.AccountsPageTest@995ad50]
2025-06-06 12:02:52 INFO  Utils:112 - [[Utils]] Attempting to create D:\Automation Testing\eclipse workspace\POMSeries\test-output\Opencart App Test Regression Suite\Accounts Page Test_chrome.xml
2025-06-06 12:02:52 INFO  Utils:112 - [[Utils]]   Directory D:\Automation Testing\eclipse workspace\POMSeries\test-output\Opencart App Test Regression Suite exists: true
2025-06-06 12:02:52 INFO  Utils:112 - Creating D:\Automation Testing\eclipse workspace\POMSeries\test-output\Opencart App Test Regression Suite\Accounts Page Test_chrome.xml
2025-06-06 12:02:52 INFO  Utils:112 - [Invoker 1394524874] Invoking @AfterMethod BaseTest.attachScreenshot(org.testng.ITestResult)[pri:0, instance:com.qa.opencart.tests.LoginPageTest@3316527e]
2025-06-06 12:02:52 INFO  Utils:112 - [Invoker 1394524874] Invoking @AfterTest BaseTest.tearDown()[pri:0, instance:com.qa.opencart.tests.LoginPageTest@3316527e]
2025-06-06 12:02:53 INFO  Utils:112 - [[Utils]] Attempting to create D:\Automation Testing\eclipse workspace\POMSeries\test-output\Opencart App Test Regression Suite\Login Page Test_chrome.xml
2025-06-06 12:02:53 INFO  Utils:112 - [[Utils]]   Directory D:\Automation Testing\eclipse workspace\POMSeries\test-output\Opencart App Test Regression Suite exists: true
2025-06-06 12:02:53 INFO  Utils:112 - Creating D:\Automation Testing\eclipse workspace\POMSeries\test-output\Opencart App Test Regression Suite\Login Page Test_chrome.xml
2025-06-06 12:02:53 INFO  Utils:112 - [Invoker 1880741401] Invoking @AfterMethod BaseTest.attachScreenshot(org.testng.ITestResult)[pri:0, instance:com.qa.opencart.tests.LoginPageTest@6f106af8]
2025-06-06 12:02:53 INFO  Utils:112 - [Invoker 1880741401] Invoking com.qa.opencart.tests.LoginPageTest.loginPageTitleTest
2025-06-06 12:02:53 INFO  Utils:112 - [Invoker 1880741401] Invoking @AfterMethod BaseTest.attachScreenshot(org.testng.ITestResult)[pri:0, instance:com.qa.opencart.tests.LoginPageTest@6f106af8]
2025-06-06 12:02:53 INFO  Utils:112 - [Invoker 1880741401] Invoking com.qa.opencart.tests.LoginPageTest.loginPageURLTest
2025-06-06 12:02:53 INFO  Utils:112 - [Invoker 1880741401] Invoking @AfterMethod BaseTest.attachScreenshot(org.testng.ITestResult)[pri:0, instance:com.qa.opencart.tests.LoginPageTest@6f106af8]
2025-06-06 12:02:53 INFO  Utils:112 - [Invoker 1880741401] Invoking com.qa.opencart.tests.LoginPageTest.doLoginTest
2025-06-06 12:02:54 INFO  Utils:112 - [Invoker 52395704] Invoking com.qa.opencart.tests.AccountsPageTest.AccountsPageTitleTest
2025-06-06 12:02:54 INFO  Utils:112 - [Invoker 52395704] Invoking @AfterMethod BaseTest.attachScreenshot(org.testng.ITestResult)[pri:0, instance:com.qa.opencart.tests.AccountsPageTest@2c7ad4f3]
2025-06-06 12:02:54 INFO  Utils:112 - [Invoker 52395704] Invoking com.qa.opencart.tests.AccountsPageTest.AccountsPageUrlTest
2025-06-06 12:02:54 INFO  Utils:112 - [Invoker 52395704] Invoking @AfterMethod BaseTest.attachScreenshot(org.testng.ITestResult)[pri:0, instance:com.qa.opencart.tests.AccountsPageTest@2c7ad4f3]
2025-06-06 12:02:54 INFO  Utils:112 - [Invoker 52395704] Invoking @AfterTest BaseTest.tearDown()[pri:0, instance:com.qa.opencart.tests.AccountsPageTest@2c7ad4f3]
2025-06-06 12:02:55 INFO  Utils:112 - [[Utils]] Attempting to create D:\Automation Testing\eclipse workspace\POMSeries\test-output\Opencart App Test Regression Suite\Accounts Page Test_firefox.xml
2025-06-06 12:02:55 INFO  Utils:112 - [[Utils]]   Directory D:\Automation Testing\eclipse workspace\POMSeries\test-output\Opencart App Test Regression Suite exists: true
2025-06-06 12:02:55 INFO  Utils:112 - Creating D:\Automation Testing\eclipse workspace\POMSeries\test-output\Opencart App Test Regression Suite\Accounts Page Test_firefox.xml
2025-06-06 12:02:56 INFO  Utils:112 - [Invoker 1880741401] Invoking @AfterMethod BaseTest.attachScreenshot(org.testng.ITestResult)[pri:0, instance:com.qa.opencart.tests.LoginPageTest@6f106af8]
2025-06-06 12:02:56 INFO  Utils:112 - [Invoker 1880741401] Invoking @AfterTest BaseTest.tearDown()[pri:0, instance:com.qa.opencart.tests.LoginPageTest@6f106af8]
2025-06-06 12:02:57 INFO  Utils:112 - [[Utils]] Attempting to create D:\Automation Testing\eclipse workspace\POMSeries\test-output\Opencart App Test Regression Suite\Login Page Test_firefox.xml
2025-06-06 12:02:57 INFO  Utils:112 - [[Utils]]   Directory D:\Automation Testing\eclipse workspace\POMSeries\test-output\Opencart App Test Regression Suite exists: true
2025-06-06 12:02:57 INFO  Utils:112 - Creating D:\Automation Testing\eclipse workspace\POMSeries\test-output\Opencart App Test Regression Suite\Login Page Test_firefox.xml
2025-06-06 12:02:57 INFO  Utils:112 - [TestNG] Time taken by org.testng.internal.ExitCodeListener@5273143e: 1 ms
2025-06-06 12:02:57 INFO  Utils:112 - [[Utils]] Attempting to create D:\Automation Testing\eclipse workspace\POMSeries\test-output\old\Opencart App Test Regression Suite\toc.html
2025-06-06 12:02:57 INFO  Utils:112 - [[Utils]]   Directory D:\Automation Testing\eclipse workspace\POMSeries\test-output\old\Opencart App Test Regression Suite exists: true
2025-06-06 12:02:57 INFO  Utils:112 - Creating D:\Automation Testing\eclipse workspace\POMSeries\test-output\old\Opencart App Test Regression Suite\toc.html
2025-06-06 12:02:57 INFO  Utils:112 - [[Utils]] Attempting to create D:\Automation Testing\eclipse workspace\POMSeries\test-output\old\Opencart App Test Regression Suite\Register Page Test.properties
2025-06-06 12:02:57 INFO  Utils:112 - [[Utils]]   Directory D:\Automation Testing\eclipse workspace\POMSeries\test-output\old\Opencart App Test Regression Suite exists: true
2025-06-06 12:02:57 INFO  Utils:112 - Creating D:\Automation Testing\eclipse workspace\POMSeries\test-output\old\Opencart App Test Regression Suite\Register Page Test.properties
2025-06-06 12:02:57 INFO  Utils:112 - [[Utils]] Attempting to create D:\Automation Testing\eclipse workspace\POMSeries\test-output\old\Opencart App Test Regression Suite\Accounts Page Test_chrome.properties
2025-06-06 12:02:57 INFO  Utils:112 - [[Utils]]   Directory D:\Automation Testing\eclipse workspace\POMSeries\test-output\old\Opencart App Test Regression Suite exists: true
2025-06-06 12:02:57 INFO  Utils:112 - Creating D:\Automation Testing\eclipse workspace\POMSeries\test-output\old\Opencart App Test Regression Suite\Accounts Page Test_chrome.properties
2025-06-06 12:02:57 INFO  Utils:112 - [[Utils]] Attempting to create D:\Automation Testing\eclipse workspace\POMSeries\test-output\old\Opencart App Test Regression Suite\Login Page Test_chrome.properties
2025-06-06 12:02:57 INFO  Utils:112 - [[Utils]]   Directory D:\Automation Testing\eclipse workspace\POMSeries\test-output\old\Opencart App Test Regression Suite exists: true
2025-06-06 12:02:57 INFO  Utils:112 - Creating D:\Automation Testing\eclipse workspace\POMSeries\test-output\old\Opencart App Test Regression Suite\Login Page Test_chrome.properties
2025-06-06 12:02:57 INFO  Utils:112 - [[Utils]] Attempting to create D:\Automation Testing\eclipse workspace\POMSeries\test-output\old\Opencart App Test Regression Suite\Accounts Page Test_firefox.properties
2025-06-06 12:02:57 INFO  Utils:112 - [[Utils]]   Directory D:\Automation Testing\eclipse workspace\POMSeries\test-output\old\Opencart App Test Regression Suite exists: true
2025-06-06 12:02:57 INFO  Utils:112 - Creating D:\Automation Testing\eclipse workspace\POMSeries\test-output\old\Opencart App Test Regression Suite\Accounts Page Test_firefox.properties
2025-06-06 12:02:57 INFO  Utils:112 - [[Utils]] Attempting to create D:\Automation Testing\eclipse workspace\POMSeries\test-output\old\Opencart App Test Regression Suite\Login Page Test_firefox.properties
2025-06-06 12:02:57 INFO  Utils:112 - [[Utils]]   Directory D:\Automation Testing\eclipse workspace\POMSeries\test-output\old\Opencart App Test Regression Suite exists: true
2025-06-06 12:02:57 INFO  Utils:112 - Creating D:\Automation Testing\eclipse workspace\POMSeries\test-output\old\Opencart App Test Regression Suite\Login Page Test_firefox.properties
2025-06-06 12:02:57 INFO  Utils:112 - [[Utils]] Attempting to create D:\Automation Testing\eclipse workspace\POMSeries\test-output\old\Opencart App Test Regression Suite\index.html
2025-06-06 12:02:57 INFO  Utils:112 - [[Utils]]   Directory D:\Automation Testing\eclipse workspace\POMSeries\test-output\old\Opencart App Test Regression Suite exists: true
2025-06-06 12:02:57 INFO  Utils:112 - Creating D:\Automation Testing\eclipse workspace\POMSeries\test-output\old\Opencart App Test Regression Suite\index.html
2025-06-06 12:02:57 INFO  Utils:112 - [[Utils]] Attempting to create D:\Automation Testing\eclipse workspace\POMSeries\test-output\old\Opencart App Test Regression Suite\main.html
2025-06-06 12:02:57 INFO  Utils:112 - [[Utils]]   Directory D:\Automation Testing\eclipse workspace\POMSeries\test-output\old\Opencart App Test Regression Suite exists: true
2025-06-06 12:02:57 INFO  Utils:112 - Creating D:\Automation Testing\eclipse workspace\POMSeries\test-output\old\Opencart App Test Regression Suite\main.html
2025-06-06 12:02:57 INFO  Utils:112 - [[Utils]] Attempting to create D:\Automation Testing\eclipse workspace\POMSeries\test-output\old\Opencart App Test Regression Suite\groups.html
2025-06-06 12:02:57 INFO  Utils:112 - [[Utils]]   Directory D:\Automation Testing\eclipse workspace\POMSeries\test-output\old\Opencart App Test Regression Suite exists: true
2025-06-06 12:02:57 INFO  Utils:112 - Creating D:\Automation Testing\eclipse workspace\POMSeries\test-output\old\Opencart App Test Regression Suite\groups.html
2025-06-06 12:02:57 INFO  Utils:112 - [[Utils]] Attempting to create D:\Automation Testing\eclipse workspace\POMSeries\test-output\old\Opencart App Test Regression Suite\classes.html
2025-06-06 12:02:57 INFO  Utils:112 - [[Utils]]   Directory D:\Automation Testing\eclipse workspace\POMSeries\test-output\old\Opencart App Test Regression Suite exists: true
2025-06-06 12:02:57 INFO  Utils:112 - Creating D:\Automation Testing\eclipse workspace\POMSeries\test-output\old\Opencart App Test Regression Suite\classes.html
2025-06-06 12:02:57 INFO  Utils:112 - [[Utils]] Attempting to create D:\Automation Testing\eclipse workspace\POMSeries\test-output\old\Opencart App Test Regression Suite\reporter-output.html
2025-06-06 12:02:57 INFO  Utils:112 - [[Utils]]   Directory D:\Automation Testing\eclipse workspace\POMSeries\test-output\old\Opencart App Test Regression Suite exists: true
2025-06-06 12:02:57 INFO  Utils:112 - Creating D:\Automation Testing\eclipse workspace\POMSeries\test-output\old\Opencart App Test Regression Suite\reporter-output.html
2025-06-06 12:02:57 INFO  Utils:112 - [[Utils]] Attempting to create D:\Automation Testing\eclipse workspace\POMSeries\test-output\old\Opencart App Test Regression Suite\methods-not-run.html
2025-06-06 12:02:57 INFO  Utils:112 - [[Utils]]   Directory D:\Automation Testing\eclipse workspace\POMSeries\test-output\old\Opencart App Test Regression Suite exists: true
2025-06-06 12:02:57 INFO  Utils:112 - Creating D:\Automation Testing\eclipse workspace\POMSeries\test-output\old\Opencart App Test Regression Suite\methods-not-run.html
2025-06-06 12:02:57 INFO  Utils:112 - [[Utils]] Attempting to create D:\Automation Testing\eclipse workspace\POMSeries\test-output\old\Opencart App Test Regression Suite\testng.xml.html
2025-06-06 12:02:57 INFO  Utils:112 - [[Utils]]   Directory D:\Automation Testing\eclipse workspace\POMSeries\test-output\old\Opencart App Test Regression Suite exists: true
2025-06-06 12:02:57 INFO  Utils:112 - Creating D:\Automation Testing\eclipse workspace\POMSeries\test-output\old\Opencart App Test Regression Suite\testng.xml.html
2025-06-06 12:02:57 INFO  Utils:112 - [[Utils]] Attempting to create D:\Automation Testing\eclipse workspace\POMSeries\test-output\old\index.html
2025-06-06 12:02:57 INFO  Utils:112 - [[Utils]]   Directory D:\Automation Testing\eclipse workspace\POMSeries\test-output\old exists: true
2025-06-06 12:02:57 INFO  Utils:112 - Creating D:\Automation Testing\eclipse workspace\POMSeries\test-output\old\index.html
2025-06-06 12:02:57 INFO  Utils:112 - [TestNG] Time taken by org.testng.reporters.SuiteHTMLReporter@5af38a4a: 81 ms
2025-06-06 12:02:57 INFO  Utils:112 - [TestNG] Time taken by org.testng.reporters.jq.Main@70d687b8: 73 ms
2025-06-06 12:02:57 INFO  Utils:112 - [[Utils]] Attempting to create D:\Automation Testing\eclipse workspace\POMSeries\test-output\testng-failed.xml
2025-06-06 12:02:57 INFO  Utils:112 - [[Utils]]   Directory D:\Automation Testing\eclipse workspace\POMSeries\test-output exists: true
2025-06-06 12:02:57 INFO  Utils:112 - Creating D:\Automation Testing\eclipse workspace\POMSeries\test-output\testng-failed.xml
2025-06-06 12:02:57 INFO  Utils:112 - [[Utils]] Attempting to create D:\Automation Testing\eclipse workspace\POMSeries\test-output\Opencart App Test Regression Suite\testng-failed.xml
2025-06-06 12:02:57 INFO  Utils:112 - [[Utils]]   Directory D:\Automation Testing\eclipse workspace\POMSeries\test-output\Opencart App Test Regression Suite exists: true
2025-06-06 12:02:57 INFO  Utils:112 - Creating D:\Automation Testing\eclipse workspace\POMSeries\test-output\Opencart App Test Regression Suite\testng-failed.xml
2025-06-06 12:02:57 INFO  Utils:112 - [TestNG] Time taken by org.testng.reporters.FailedReporter@27e21083: 27 ms
2025-06-06 12:02:57 INFO  Utils:112 - [TestNG] Time taken by org.testng.reporters.XMLReporter@5fa5c8cf: 21 ms
2025-06-06 12:02:57 INFO  Utils:112 - [TestNG] Time taken by org.testng.reporters.EmailableReporter2@534d0e20: 17 ms
2025-06-06 12:02:57 INFO  Utils:112 - [[Utils]] Attempting to create D:\Automation Testing\eclipse workspace\POMSeries\test-output\junitreports\TEST-com.qa.opencart.tests.LoginPageTest.xml
2025-06-06 12:02:57 INFO  Utils:112 - [[Utils]]   Directory D:\Automation Testing\eclipse workspace\POMSeries\test-output\junitreports exists: true
2025-06-06 12:02:57 INFO  Utils:112 - Creating D:\Automation Testing\eclipse workspace\POMSeries\test-output\junitreports\TEST-com.qa.opencart.tests.LoginPageTest.xml
2025-06-06 12:02:57 INFO  Utils:112 - [[Utils]] Attempting to create D:\Automation Testing\eclipse workspace\POMSeries\test-output\junitreports\TEST-com.qa.opencart.tests.RegisterPagetest.xml
2025-06-06 12:02:57 INFO  Utils:112 - [[Utils]]   Directory D:\Automation Testing\eclipse workspace\POMSeries\test-output\junitreports exists: true
2025-06-06 12:02:57 INFO  Utils:112 - Creating D:\Automation Testing\eclipse workspace\POMSeries\test-output\junitreports\TEST-com.qa.opencart.tests.RegisterPagetest.xml
2025-06-06 12:02:57 INFO  Utils:112 - [[Utils]] Attempting to create D:\Automation Testing\eclipse workspace\POMSeries\test-output\junitreports\TEST-com.qa.opencart.tests.AccountsPageTest.xml
2025-06-06 12:02:57 INFO  Utils:112 - [[Utils]]   Directory D:\Automation Testing\eclipse workspace\POMSeries\test-output\junitreports exists: true
2025-06-06 12:02:57 INFO  Utils:112 - Creating D:\Automation Testing\eclipse workspace\POMSeries\test-output\junitreports\TEST-com.qa.opencart.tests.AccountsPageTest.xml
2025-06-06 12:02:57 INFO  Utils:112 - [TestNG] Time taken by org.testng.reporters.JUnitReportReporter@1328f482: 25 ms
